[2025-05-28 11:12:28] [User: 1] [IP: ::1] User visited homepage.
[2025-05-28 11:14:25] [User: 1] [IP: ::1] User visited homepage.
[2025-05-28 11:14:28] [User: 1] [IP: ::1] User visited homepage.
[2025-05-28 11:18:53] [User: 1] [IP: ::1] User visited homepage.
[2025-05-28 11:29:03] [User: 1] [IP: ::1] User visited homepage.
[2025-05-28 11:29:09] [User: 1] [IP: ::1] User visited homepage.
[2025-05-28 11:30:32] [User: 1] [IP: ::1] User visited homepage.
[2025-05-28 11:30:43] [User: 1] [IP: ::1] User visited homepage.
[2025-05-28 11:40:54] [User: 1] [IP: ::1] User visited dashboard (authenticated homepage).
[2025-05-28 11:40:59] [User: 1] [IP: ::1] User visited dashboard (authenticated homepage).
[2025-05-28 11:41:00] [User: 1] [IP: ::1] User visited dashboard (authenticated homepage).
[2025-05-28 11:41:00] [User: 1] [IP: ::1] User visited dashboard (authenticated homepage).
[2025-05-28 11:41:01] [User: 1] [IP: ::1] User visited dashboard (authenticated homepage).
[2025-05-28 11:41:02] [User: 1] [IP: ::1] User visited dashboard (authenticated homepage).
[2025-05-28 11:41:05] [User: 1] [IP: ::1] User visited dashboard (authenticated homepage).
[2025-05-28 11:42:56] [User: 1] [IP: ::1] User visited dashboard (authenticated homepage).
[2025-05-28 13:45:03] INFO: ErrorHandler initialized successfully 
---
[2025-05-28 13:47:41] INFO: ErrorHandler initialized successfully 
---
[2025-05-28 13:47:41] ERROR: EXCEPTION: Controller 'AuthController' not found in C:\xampp\htdocs\loove\core\Router.php:109
URL: /loove/public/dashboard
IP: ::1
Trace:
#0 C:\xampp\htdocs\loove\core\Router.php(75): Router->handleNotFound('Controller 'Aut...')
#1 C:\xampp\htdocs\loove\public\index.php(157): Router->dispatch(false)
#2 {main}
---
[2025-05-28 13:47:44] INFO: ErrorHandler initialized successfully 
---
[2025-05-28 13:47:44] ERROR: EXCEPTION: Controller 'AuthController' not found in C:\xampp\htdocs\loove\core\Router.php:109
URL: /loove/public/search
IP: ::1
Trace:
#0 C:\xampp\htdocs\loove\core\Router.php(75): Router->handleNotFound('Controller 'Aut...')
#1 C:\xampp\htdocs\loove\public\index.php(157): Router->dispatch(false)
#2 {main}
---
[2025-05-28 13:47:45] INFO: ErrorHandler initialized successfully 
---
[2025-05-28 13:47:45] ERROR: EXCEPTION: Controller 'AuthController' not found in C:\xampp\htdocs\loove\core\Router.php:109
URL: /loove/public/profile
IP: ::1
Trace:
#0 C:\xampp\htdocs\loove\core\Router.php(75): Router->handleNotFound('Controller 'Aut...')
#1 C:\xampp\htdocs\loove\public\index.php(157): Router->dispatch(false)
#2 {main}
---
[2025-05-28 13:56:32] INFO: ErrorHandler initialized successfully 
---
[2025-05-28 13:56:32] ERROR: EXCEPTION: Controller 'AuthController' not found in C:\xampp\htdocs\loove\core\Router.php:109
URL: /loove/public/profile
IP: ::1
Trace:
#0 C:\xampp\htdocs\loove\core\Router.php(75): Router->handleNotFound('Controller 'Aut...')
#1 C:\xampp\htdocs\loove\public\index.php(157): Router->dispatch(false)
#2 {main}
---
[2025-05-28 13:56:32] INFO: ErrorHandler initialized successfully 
---
[2025-05-28 13:56:32] ERROR: EXCEPTION: Controller 'AuthController' not found in C:\xampp\htdocs\loove\core\Router.php:109
URL: /loove/public/profile
IP: ::1
Trace:
#0 C:\xampp\htdocs\loove\core\Router.php(75): Router->handleNotFound('Controller 'Aut...')
#1 C:\xampp\htdocs\loove\public\index.php(157): Router->dispatch(false)
#2 {main}
---
[2025-05-28 14:00:16] INFO: ErrorHandler initialized successfully 
---
[2025-05-28 14:00:16] ERROR: EXCEPTION: Controller 'AuthController' not found in C:\xampp\htdocs\loove\core\Router.php:109
URL: /loove/public/profile
IP: ::1
Trace:
#0 C:\xampp\htdocs\loove\core\Router.php(75): Router->handleNotFound('Controller 'Aut...')
#1 C:\xampp\htdocs\loove\public\index.php(157): Router->dispatch(false)
#2 {main}
---
[2025-05-28 14:06:42] INFO: ErrorHandler initialized successfully 
---
[2025-05-28 14:06:42] ERROR: EXCEPTION: Controller 'AuthController' not found in C:\xampp\htdocs\loove\core\Router.php:109
URL: /loove/public/profile
IP: ::1
Trace:
#0 C:\xampp\htdocs\loove\core\Router.php(75): Router->handleNotFound('Controller 'Aut...')
#1 C:\xampp\htdocs\loove\public\index.php(131): Router->dispatch(false)
#2 {main}
---
[2025-05-28 14:06:43] INFO: ErrorHandler initialized successfully 
---
[2025-05-28 14:06:43] ERROR: EXCEPTION: Controller 'AuthController' not found in C:\xampp\htdocs\loove\core\Router.php:109
URL: /loove/public/profile
IP: ::1
Trace:
#0 C:\xampp\htdocs\loove\core\Router.php(75): Router->handleNotFound('Controller 'Aut...')
#1 C:\xampp\htdocs\loove\public\index.php(131): Router->dispatch(false)
#2 {main}
---
[2025-05-28 14:09:26] INFO: ErrorHandler initialized successfully 
---
[2025-05-28 14:09:26] ERROR: EXCEPTION: Controller 'AuthController' not found in C:\xampp\htdocs\loove\core\Router.php:109
URL: /loove/public/profile
IP: ::1
Trace:
#0 C:\xampp\htdocs\loove\core\Router.php(75): Router->handleNotFound('Controller 'Aut...')
#1 C:\xampp\htdocs\loove\public\index.php(147): Router->dispatch(false)
#2 {main}
---
[2025-05-28 14:11:37] INFO: ErrorHandler initialized successfully 
---
[2025-05-28 14:11:37] ERROR: EXCEPTION: Controller 'AuthController' not found in C:\xampp\htdocs\loove\core\Router.php:109
URL: /loove/public/profile
IP: ::1
Trace:
#0 C:\xampp\htdocs\loove\core\Router.php(75): Router->handleNotFound('Controller 'Aut...')
#1 C:\xampp\htdocs\loove\public\index.php(174): Router->dispatch(false)
#2 {main}
---
[2025-05-28 14:14:25] INFO: ErrorHandler initialized successfully 
---
[2025-05-28 14:14:25] ERROR: EXCEPTION: Controller 'AuthController' not found in C:\xampp\htdocs\loove\core\Router.php:107
URL: /loove/public/profile
IP: ::1
Trace:
#0 C:\xampp\htdocs\loove\core\Router.php(74): Router->handleNotFound('Controller 'Aut...')
#1 C:\xampp\htdocs\loove\public\index.php(73): Router->dispatch(false)
#2 {main}
---
[2025-05-28 14:14:26] INFO: ErrorHandler initialized successfully 
---
[2025-05-28 14:14:26] ERROR: EXCEPTION: Controller 'AuthController' not found in C:\xampp\htdocs\loove\core\Router.php:107
URL: /loove/public/profile
IP: ::1
Trace:
#0 C:\xampp\htdocs\loove\core\Router.php(74): Router->handleNotFound('Controller 'Aut...')
#1 C:\xampp\htdocs\loove\public\index.php(73): Router->dispatch(false)
#2 {main}
---
[2025-05-28 14:14:26] INFO: ErrorHandler initialized successfully 
---
[2025-05-28 14:14:26] ERROR: EXCEPTION: Controller 'AuthController' not found in C:\xampp\htdocs\loove\core\Router.php:107
URL: /loove/public/profile
IP: ::1
Trace:
#0 C:\xampp\htdocs\loove\core\Router.php(74): Router->handleNotFound('Controller 'Aut...')
#1 C:\xampp\htdocs\loove\public\index.php(73): Router->dispatch(false)
#2 {main}
---
[2025-05-28 14:24:15] INFO: ErrorHandler initialized successfully 
---
[2025-05-28 14:25:02] INFO: ErrorHandler initialized successfully 
---
[2025-05-28 14:25:04] INFO: ErrorHandler initialized successfully 
---
[2025-05-28 14:25:04] INFO: ErrorHandler initialized successfully 
---
[2025-05-28 14:25:58] INFO: ErrorHandler initialized successfully 
---
[2025-05-28 14:25:59] INFO: ErrorHandler initialized successfully 
---
[2025-05-28 14:28:07] INFO: ErrorHandler initialized successfully 
---
[2025-05-28 14:28:27] INFO: ErrorHandler initialized successfully 
---
[2025-05-28 14:28:27] INFO: ErrorHandler initialized successfully 
---
[2025-05-28 14:28:36] INFO: ErrorHandler initialized successfully 
---
[2025-05-28 14:28:36] INFO: ErrorHandler initialized successfully 
---
[2025-05-28 14:28:44] INFO: ErrorHandler initialized successfully 
---
[2025-05-28 14:28:44] INFO: ErrorHandler initialized successfully 
---
[2025-05-28 14:31:48] INFO: ErrorHandler initialized successfully 
---
[2025-05-28 14:31:52] INFO: ErrorHandler initialized successfully 
---
[2025-05-28 14:33:53] INFO: ErrorHandler initialized successfully 
---
[2025-05-28 14:33:53] INFO: ErrorHandler initialized successfully 
---
[2025-05-28 14:33:53] INFO: ErrorHandler initialized successfully 
---
[2025-05-28 14:33:53] INFO: ErrorHandler initialized successfully 
---
[2025-05-28 14:33:53] INFO: ErrorHandler initialized successfully 
---
[2025-05-28 14:33:53] INFO: ErrorHandler initialized successfully 
---
[2025-05-28 14:33:53] INFO: ErrorHandler initialized successfully 
---
[2025-05-28 14:33:53] INFO: ErrorHandler initialized successfully 
---
[2025-05-28 14:33:53] INFO: ErrorHandler initialized successfully 
---
[2025-05-28 14:33:53] INFO: ErrorHandler initialized successfully 
---
[2025-05-28 14:33:53] INFO: ErrorHandler initialized successfully 
---
[2025-05-28 14:33:53] INFO: ErrorHandler initialized successfully 
---
[2025-05-28 14:33:53] INFO: ErrorHandler initialized successfully 
---
[2025-05-28 14:33:53] INFO: ErrorHandler initialized successfully 
---
[2025-05-28 14:33:53] INFO: ErrorHandler initialized successfully 
---
[2025-05-28 14:33:53] INFO: ErrorHandler initialized successfully 
---
[2025-05-28 14:33:53] INFO: ErrorHandler initialized successfully 
---
[2025-05-28 14:33:53] INFO: ErrorHandler initialized successfully 
---
[2025-05-28 14:33:53] INFO: ErrorHandler initialized successfully 
---
[2025-05-28 14:33:53] INFO: ErrorHandler initialized successfully 
---
[2025-05-28 14:33:54] INFO: ErrorHandler initialized successfully 
---
[2025-05-28 14:33:55] INFO: ErrorHandler initialized successfully 
---
[2025-05-28 14:33:55] INFO: ErrorHandler initialized successfully 
---
[2025-05-28 14:33:55] INFO: ErrorHandler initialized successfully 
---
[2025-05-28 14:33:55] INFO: ErrorHandler initialized successfully 
---
[2025-05-28 14:33:55] INFO: ErrorHandler initialized successfully 
---
[2025-05-28 14:33:55] INFO: ErrorHandler initialized successfully 
---
[2025-05-28 14:33:55] INFO: ErrorHandler initialized successfully 
---
[2025-05-28 14:33:55] INFO: ErrorHandler initialized successfully 
---
[2025-05-28 14:33:55] INFO: ErrorHandler initialized successfully 
---
[2025-05-28 14:33:55] INFO: ErrorHandler initialized successfully 
---
[2025-05-28 14:33:55] INFO: ErrorHandler initialized successfully 
---
[2025-05-28 14:33:55] INFO: ErrorHandler initialized successfully 
---
[2025-05-28 14:33:55] INFO: ErrorHandler initialized successfully 
---
[2025-05-28 14:33:55] INFO: ErrorHandler initialized successfully 
---
[2025-05-28 14:33:55] INFO: ErrorHandler initialized successfully 
---
[2025-05-28 14:33:55] INFO: ErrorHandler initialized successfully 
---
[2025-05-28 14:33:55] INFO: ErrorHandler initialized successfully 
---
[2025-05-28 14:33:55] INFO: ErrorHandler initialized successfully 
---
[2025-05-28 14:33:55] INFO: ErrorHandler initialized successfully 
---
[2025-05-28 14:34:00] INFO: ErrorHandler initialized successfully 
---
[2025-05-28 14:34:00] INFO: ErrorHandler initialized successfully 
---
[2025-05-28 14:34:00] INFO: ErrorHandler initialized successfully 
---
[2025-05-28 14:34:00] INFO: ErrorHandler initialized successfully 
---
[2025-05-28 14:34:00] INFO: ErrorHandler initialized successfully 
---
[2025-05-28 14:34:00] INFO: ErrorHandler initialized successfully 
---
[2025-05-28 14:34:00] INFO: ErrorHandler initialized successfully 
---
[2025-05-28 14:34:00] INFO: ErrorHandler initialized successfully 
---
[2025-05-28 14:34:00] INFO: ErrorHandler initialized successfully 
---
[2025-05-28 14:34:00] INFO: ErrorHandler initialized successfully 
---
[2025-05-28 14:34:00] INFO: ErrorHandler initialized successfully 
---
[2025-05-28 14:34:00] INFO: ErrorHandler initialized successfully 
---
[2025-05-28 14:34:00] INFO: ErrorHandler initialized successfully 
---
[2025-05-28 14:34:00] INFO: ErrorHandler initialized successfully 
---
[2025-05-28 14:34:01] INFO: ErrorHandler initialized successfully 
---
[2025-05-28 14:34:01] INFO: ErrorHandler initialized successfully 
---
[2025-05-28 14:34:01] INFO: ErrorHandler initialized successfully 
---
[2025-05-28 14:34:01] INFO: ErrorHandler initialized successfully 
---
[2025-05-28 14:34:01] INFO: ErrorHandler initialized successfully 
---
[2025-05-28 14:34:01] INFO: ErrorHandler initialized successfully 
---
[2025-05-28 14:34:22] INFO: ErrorHandler initialized successfully 
---
[2025-05-28 14:34:22] INFO: ErrorHandler initialized successfully 
---
[2025-05-28 14:34:22] INFO: ErrorHandler initialized successfully 
---
[2025-05-28 14:34:22] INFO: ErrorHandler initialized successfully 
---
[2025-05-28 14:34:22] INFO: ErrorHandler initialized successfully 
---
[2025-05-28 14:34:22] INFO: ErrorHandler initialized successfully 
---
[2025-05-28 14:34:22] INFO: ErrorHandler initialized successfully 
---
[2025-05-28 14:34:22] INFO: ErrorHandler initialized successfully 
---
[2025-05-28 14:34:22] INFO: ErrorHandler initialized successfully 
---
[2025-05-28 14:34:22] INFO: ErrorHandler initialized successfully 
---
[2025-05-28 14:34:22] INFO: ErrorHandler initialized successfully 
---
[2025-05-28 14:34:22] INFO: ErrorHandler initialized successfully 
---
[2025-05-28 14:34:22] INFO: ErrorHandler initialized successfully 
---
[2025-05-28 14:34:22] INFO: ErrorHandler initialized successfully 
---
[2025-05-28 14:34:22] INFO: ErrorHandler initialized successfully 
---
[2025-05-28 14:34:22] INFO: ErrorHandler initialized successfully 
---
[2025-05-28 14:34:22] INFO: ErrorHandler initialized successfully 
---
[2025-05-28 14:34:22] INFO: ErrorHandler initialized successfully 
---
[2025-05-28 14:34:22] INFO: ErrorHandler initialized successfully 
---
[2025-05-28 14:34:22] INFO: ErrorHandler initialized successfully 
---
[2025-05-28 14:34:22] INFO: ErrorHandler initialized successfully 
---
[2025-05-28 14:34:22] INFO: ErrorHandler initialized successfully 
---
[2025-05-28 14:34:22] INFO: ErrorHandler initialized successfully 
---
[2025-05-28 14:34:22] INFO: ErrorHandler initialized successfully 
---
[2025-05-28 14:34:23] INFO: ErrorHandler initialized successfully 
---
[2025-05-28 14:34:23] INFO: ErrorHandler initialized successfully 
---
[2025-05-28 14:34:23] INFO: ErrorHandler initialized successfully 
---
[2025-05-28 14:34:23] INFO: ErrorHandler initialized successfully 
---
[2025-05-28 14:34:23] INFO: ErrorHandler initialized successfully 
---
[2025-05-28 14:34:23] INFO: ErrorHandler initialized successfully 
---
[2025-05-28 14:34:23] INFO: ErrorHandler initialized successfully 
---
[2025-05-28 14:34:23] INFO: ErrorHandler initialized successfully 
---
[2025-05-28 14:34:23] INFO: ErrorHandler initialized successfully 
---
[2025-05-28 14:34:23] INFO: ErrorHandler initialized successfully 
---
[2025-05-28 14:34:23] INFO: ErrorHandler initialized successfully 
---
[2025-05-28 14:34:23] INFO: ErrorHandler initialized successfully 
---
[2025-05-28 14:34:23] INFO: ErrorHandler initialized successfully 
---
[2025-05-28 14:34:23] INFO: ErrorHandler initialized successfully 
---
[2025-05-28 14:34:23] INFO: ErrorHandler initialized successfully 
---
[2025-05-28 14:34:23] INFO: ErrorHandler initialized successfully 
---
[2025-05-28 14:34:24] INFO: ErrorHandler initialized successfully 
---
[2025-05-28 14:34:24] INFO: ErrorHandler initialized successfully 
---
[2025-05-28 14:34:24] INFO: ErrorHandler initialized successfully 
---
[2025-05-28 14:34:24] INFO: ErrorHandler initialized successfully 
---
[2025-05-28 14:34:24] INFO: ErrorHandler initialized successfully 
---
[2025-05-28 14:34:24] INFO: ErrorHandler initialized successfully 
---
[2025-05-28 14:34:24] INFO: ErrorHandler initialized successfully 
---
[2025-05-28 14:34:24] INFO: ErrorHandler initialized successfully 
---
[2025-05-28 14:34:24] INFO: ErrorHandler initialized successfully 
---
[2025-05-28 14:34:24] INFO: ErrorHandler initialized successfully 
---
[2025-05-28 14:34:24] INFO: ErrorHandler initialized successfully 
---
[2025-05-28 14:34:24] INFO: ErrorHandler initialized successfully 
---
[2025-05-28 14:34:24] INFO: ErrorHandler initialized successfully 
---
[2025-05-28 14:34:24] INFO: ErrorHandler initialized successfully 
---
[2025-05-28 14:34:24] INFO: ErrorHandler initialized successfully 
---
[2025-05-28 14:34:24] INFO: ErrorHandler initialized successfully 
---
[2025-05-28 14:34:25] INFO: ErrorHandler initialized successfully 
---
[2025-05-28 14:34:25] INFO: ErrorHandler initialized successfully 
---
[2025-05-28 14:34:25] INFO: ErrorHandler initialized successfully 
---
[2025-05-28 14:34:25] INFO: ErrorHandler initialized successfully 
---
[2025-05-28 14:34:30] INFO: ErrorHandler initialized successfully 
---
[2025-05-28 14:34:30] INFO: ErrorHandler initialized successfully 
---
[2025-05-28 14:34:30] INFO: ErrorHandler initialized successfully 
---
[2025-05-28 14:34:30] INFO: ErrorHandler initialized successfully 
---
[2025-05-28 14:34:30] INFO: ErrorHandler initialized successfully 
---
[2025-05-28 14:34:30] INFO: ErrorHandler initialized successfully 
---
[2025-05-28 14:34:30] INFO: ErrorHandler initialized successfully 
---
[2025-05-28 14:34:30] INFO: ErrorHandler initialized successfully 
---
[2025-05-28 14:34:30] INFO: ErrorHandler initialized successfully 
---
[2025-05-28 14:34:30] INFO: ErrorHandler initialized successfully 
---
[2025-05-28 14:34:30] INFO: ErrorHandler initialized successfully 
---
[2025-05-28 14:34:30] INFO: ErrorHandler initialized successfully 
---
[2025-05-28 14:34:30] INFO: ErrorHandler initialized successfully 
---
[2025-05-28 14:34:30] INFO: ErrorHandler initialized successfully 
---
[2025-05-28 14:34:30] INFO: ErrorHandler initialized successfully 
---
[2025-05-28 14:34:30] INFO: ErrorHandler initialized successfully 
---
[2025-05-28 14:34:30] INFO: ErrorHandler initialized successfully 
---
[2025-05-28 14:34:30] INFO: ErrorHandler initialized successfully 
---
[2025-05-28 14:34:30] INFO: ErrorHandler initialized successfully 
---
[2025-05-28 14:34:30] INFO: ErrorHandler initialized successfully 
---
[2025-05-28 14:35:00] INFO: ErrorHandler initialized successfully 
---
[2025-05-28 14:35:39] INFO: ErrorHandler initialized successfully 
---
[2025-05-28 14:38:54] INFO: ErrorHandler initialized successfully 
---
[2025-05-28 14:39:10] INFO: ErrorHandler initialized successfully 
---
[2025-05-28 14:39:10] INFO: ErrorHandler initialized successfully 
---
[2025-05-28 14:39:31] INFO: ErrorHandler initialized successfully 
---
[2025-05-28 14:39:31] INFO: ErrorHandler initialized successfully 
---
[2025-05-28 14:39:53] INFO: ErrorHandler initialized successfully 
---
[2025-05-28 14:39:56] INFO: ErrorHandler initialized successfully 
---
[2025-05-28 14:40:07] INFO: ErrorHandler initialized successfully 
---
[2025-05-28 14:42:20] INFO: ErrorHandler initialized successfully 
---
[2025-05-28 14:42:20] INFO: ErrorHandler initialized successfully 
---
[2025-05-28 14:42:31] INFO: ErrorHandler initialized successfully 
---
[2025-05-28 14:45:15] INFO: ErrorHandler initialized successfully 
---
[2025-05-28 14:45:17] INFO: ErrorHandler initialized successfully 
---
[2025-05-28 14:45:19] INFO: ErrorHandler initialized successfully 
---
[2025-05-28 14:45:20] INFO: ErrorHandler initialized successfully 
---
[2025-05-28 14:47:48] INFO: ErrorHandler initialized successfully 
---
[2025-05-28 14:47:50] INFO: ErrorHandler initialized successfully 
---
[2025-05-28 14:47:51] INFO: ErrorHandler initialized successfully 
---
[2025-05-29 12:38:37] INFO: ErrorHandler initialized successfully 
---
[2025-05-29 12:38:49] INFO: ErrorHandler initialized successfully 
---
[2025-05-29 12:38:52] INFO: ErrorHandler initialized successfully 
---
[2025-05-29 12:38:53] INFO: ErrorHandler initialized successfully 
---
[2025-05-29 12:39:04] INFO: ErrorHandler initialized successfully 
---
[2025-06-02 09:02:52] INFO: ErrorHandler initialized successfully 
---
[2025-06-02 09:02:57] INFO: ErrorHandler initialized successfully 
---
[2025-06-02 09:03:35] INFO: ErrorHandler initialized successfully 
---
[2025-06-02 09:03:39] INFO: ErrorHandler initialized successfully 
---
[2025-06-02 09:03:42] INFO: ErrorHandler initialized successfully 
---
[2025-06-02 09:22:47] INFO: ErrorHandler initialized successfully 
---
[2025-06-02 09:22:50] INFO: ErrorHandler initialized successfully 
---
[2025-06-02 09:22:50] ERROR: FATAL ERROR: Cannot redeclare App\Models\User::updateProfile() in C:\xampp\htdocs\loove\app\models\User.php:248
URL: /loove/public/index.php?url=profile
IP: ::1
---
[2025-06-02 09:36:01] INFO: ErrorHandler initialized successfully 
---
[2025-06-02 09:36:01] ERROR: FATAL ERROR: Cannot redeclare App\Models\User::updateProfile() in C:\xampp\htdocs\loove\app\models\User.php:248
URL: /loove/public/index.php?url=profile
IP: ::1
---
[2025-06-02 09:36:36] INFO: ErrorHandler initialized successfully 
---
[2025-06-02 10:14:32] INFO: ErrorHandler initialized successfully 
---
[2025-06-02 10:14:34] INFO: ErrorHandler initialized successfully 
---
[2025-06-02 10:14:37] INFO: ErrorHandler initialized successfully 
---
[2025-06-02 10:14:44] INFO: ErrorHandler initialized successfully 
---
[2025-06-02 10:14:46] INFO: ErrorHandler initialized successfully 
---
[2025-06-02 10:42:02] INFO: ErrorHandler initialized successfully 
---
[2025-06-02 10:42:11] INFO: ErrorHandler initialized successfully 
---
[2025-06-02 10:42:12] INFO: ErrorHandler initialized successfully 
---
[2025-06-02 10:42:14] INFO: ErrorHandler initialized successfully 
---
[2025-06-02 10:42:17] INFO: ErrorHandler initialized successfully 
---
[2025-06-02 10:42:20] INFO: ErrorHandler initialized successfully 
---
[2025-06-02 10:42:30] INFO: ErrorHandler initialized successfully 
---
[2025-06-02 10:43:09] INFO: ErrorHandler initialized successfully 
---
[2025-06-02 10:43:09] INFO: ErrorHandler initialized successfully 
---
[2025-06-02 10:43:13] INFO: ErrorHandler initialized successfully 
---
[2025-06-02 10:43:15] INFO: ErrorHandler initialized successfully 
---
[2025-06-02 10:43:19] INFO: ErrorHandler initialized successfully 
---
[2025-06-02 10:43:20] INFO: ErrorHandler initialized successfully 
---
[2025-06-02 10:43:32] INFO: ErrorHandler initialized successfully 
---
[2025-06-02 10:43:32] INFO: ErrorHandler initialized successfully 
---
[2025-06-02 10:43:34] INFO: ErrorHandler initialized successfully 
---
[2025-06-02 10:43:47] INFO: ErrorHandler initialized successfully 
---
[2025-06-02 10:43:47] INFO: ErrorHandler initialized successfully 
---
[2025-06-02 10:47:21] INFO: ErrorHandler initialized successfully 
---
[2025-06-02 10:47:27] INFO: ErrorHandler initialized successfully 
---
[2025-06-02 10:47:27] INFO: ErrorHandler initialized successfully 
---
[2025-06-02 10:47:39] INFO: ErrorHandler initialized successfully 
---
[2025-06-02 10:47:39] INFO: ErrorHandler initialized successfully 
---
[2025-06-02 10:47:46] INFO: ErrorHandler initialized successfully 
---
[2025-06-02 10:47:46] INFO: ErrorHandler initialized successfully 
---
[2025-06-02 10:51:12] INFO: ErrorHandler initialized successfully 
---
[2025-06-02 10:51:17] INFO: ErrorHandler initialized successfully 
---
[2025-06-02 10:51:17] INFO: ErrorHandler initialized successfully 
---
[2025-06-02 10:53:22] INFO: ErrorHandler initialized successfully 
---
[2025-06-02 10:53:22] INFO: ErrorHandler initialized successfully 
---
[2025-06-02 12:07:39] INFO: ErrorHandler initialized successfully 
---
[2025-06-02 12:07:41] INFO: ErrorHandler initialized successfully 
---
[2025-06-02 12:07:44] INFO: ErrorHandler initialized successfully 
---
[2025-06-02 12:07:45] INFO: ErrorHandler initialized successfully 
---
[2025-06-02 12:07:46] INFO: ErrorHandler initialized successfully 
---
[2025-06-02 12:07:48] INFO: ErrorHandler initialized successfully 
---
[2025-06-02 12:10:19] INFO: ErrorHandler initialized successfully 
---
[2025-06-02 12:10:24] INFO: ErrorHandler initialized successfully 
---
[2025-06-02 12:10:27] INFO: ErrorHandler initialized successfully 
---
[2025-06-02 12:10:29] INFO: ErrorHandler initialized successfully 
---
[2025-06-02 12:10:34] INFO: ErrorHandler initialized successfully 
---
[2025-06-02 12:10:38] INFO: ErrorHandler initialized successfully 
---
[2025-06-02 12:10:40] INFO: ErrorHandler initialized successfully 
---
[2025-06-02 12:10:44] INFO: ErrorHandler initialized successfully 
---
[2025-06-02 12:10:44] INFO: ErrorHandler initialized successfully 
---
[2025-06-02 12:11:09] INFO: ErrorHandler initialized successfully 
---
[2025-06-02 12:11:13] INFO: ErrorHandler initialized successfully 
---
[2025-06-02 12:11:17] INFO: ErrorHandler initialized successfully 
---
[2025-06-02 12:11:19] INFO: ErrorHandler initialized successfully 
---
[2025-06-02 12:11:21] INFO: ErrorHandler initialized successfully 
---
[2025-06-02 12:11:21] INFO: ErrorHandler initialized successfully 
---
[2025-06-02 12:19:58] INFO: ErrorHandler initialized successfully 
---
[2025-06-02 12:19:58] ERROR: WARNING: Undefined variable $currentX in C:\xampp\htdocs\loove\app\controllers\AuthController.php:286
URL: /loove/public/index.php?url=discover
IP: ::1
---
[2025-06-02 12:19:58] ERROR: WARNING: Undefined variable $rotation in C:\xampp\htdocs\loove\app\controllers\AuthController.php:286
URL: /loove/public/index.php?url=discover
IP: ::1
---
[2025-06-02 12:21:22] INFO: ErrorHandler initialized successfully 
---
[2025-06-02 12:21:27] INFO: ErrorHandler initialized successfully 
---
[2025-06-02 12:21:30] INFO: ErrorHandler initialized successfully 
---
[2025-06-02 12:21:30] INFO: ErrorHandler initialized successfully 
---
[2025-06-02 12:21:31] INFO: ErrorHandler initialized successfully 
---
[2025-06-02 12:21:34] INFO: ErrorHandler initialized successfully 
---
[2025-06-02 12:21:37] INFO: ErrorHandler initialized successfully 
---
[2025-06-02 12:21:39] INFO: ErrorHandler initialized successfully 
---
[2025-06-02 12:21:41] INFO: ErrorHandler initialized successfully 
---
[2025-06-02 12:21:41] INFO: ErrorHandler initialized successfully 
---
[2025-06-02 12:21:43] INFO: ErrorHandler initialized successfully 
---
[2025-06-02 13:38:00] INFO: ErrorHandler initialized successfully 
---
[2025-06-02 13:38:01] INFO: ErrorHandler initialized successfully 
---
[2025-06-02 13:38:03] INFO: ErrorHandler initialized successfully 
---
[2025-06-02 14:04:05] INFO: ErrorHandler initialized successfully 
---
[2025-06-02 14:04:07] INFO: ErrorHandler initialized successfully 
---
[2025-06-02 14:16:38] INFO: ErrorHandler initialized successfully 
---
[2025-06-02 14:16:41] INFO: ErrorHandler initialized successfully 
---
[2025-06-02 14:16:41] INFO: ErrorHandler initialized successfully 
---
[2025-06-02 14:16:43] INFO: ErrorHandler initialized successfully 
---
[2025-06-02 14:16:45] INFO: ErrorHandler initialized successfully 
---
[2025-06-02 14:16:51] INFO: ErrorHandler initialized successfully 
---
[2025-06-02 14:16:52] INFO: ErrorHandler initialized successfully 
---
[2025-06-02 14:16:55] INFO: ErrorHandler initialized successfully 
---
[2025-06-02 14:16:55] INFO: ErrorHandler initialized successfully 
---
[2025-06-02 14:16:56] INFO: ErrorHandler initialized successfully 
---
[2025-06-02 14:16:56] INFO: ErrorHandler initialized successfully 
---
[2025-06-02 14:16:58] INFO: ErrorHandler initialized successfully 
---
[2025-06-02 14:17:01] INFO: ErrorHandler initialized successfully 
---
[2025-06-02 14:17:05] INFO: ErrorHandler initialized successfully 
---
[2025-06-02 14:17:05] INFO: ErrorHandler initialized successfully 
---
[2025-06-02 14:17:13] INFO: ErrorHandler initialized successfully 
---
[2025-06-02 14:17:14] INFO: ErrorHandler initialized successfully 
---
[2025-06-02 15:24:52] INFO: ErrorHandler initialized successfully 
---
[2025-06-02 15:24:57] INFO: ErrorHandler initialized successfully 
---
[2025-06-02 15:24:57] INFO: ErrorHandler initialized successfully 
---
[2025-06-02 15:24:59] INFO: ErrorHandler initialized successfully 
---
[2025-06-02 15:24:59] INFO: ErrorHandler initialized successfully 
---
[2025-06-02 15:25:02] INFO: ErrorHandler initialized successfully 
---
[2025-06-02 15:25:02] INFO: ErrorHandler initialized successfully 
---
[2025-06-02 15:25:04] INFO: ErrorHandler initialized successfully 
---
[2025-06-02 15:25:07] INFO: ErrorHandler initialized successfully 
---
[2025-06-02 15:27:33] INFO: ErrorHandler initialized successfully 
---
[2025-06-02 15:27:59] INFO: ErrorHandler initialized successfully 
---
[2025-06-02 15:28:03] INFO: ErrorHandler initialized successfully 
---
[2025-06-02 15:28:03] INFO: ErrorHandler initialized successfully 
---
[2025-06-02 15:28:05] INFO: ErrorHandler initialized successfully 
---
[2025-06-02 15:28:05] INFO: ErrorHandler initialized successfully 
---
[2025-06-02 15:28:08] INFO: ErrorHandler initialized successfully 
---
[2025-06-02 15:28:10] INFO: ErrorHandler initialized successfully 
---
[2025-06-02 15:28:12] INFO: ErrorHandler initialized successfully 
---
[2025-06-02 15:28:13] INFO: ErrorHandler initialized successfully 
---
[2025-06-02 15:28:22] INFO: ErrorHandler initialized successfully 
---
[2025-06-02 15:28:26] INFO: ErrorHandler initialized successfully 
---
[2025-06-02 15:28:28] INFO: ErrorHandler initialized successfully 
---
[2025-06-02 15:28:32] INFO: ErrorHandler initialized successfully 
---
[2025-06-02 15:28:32] INFO: ErrorHandler initialized successfully 
---
[2025-06-02 15:36:09] INFO: ErrorHandler initialized successfully 
---
[2025-06-02 15:36:12] INFO: ErrorHandler initialized successfully 
---
[2025-06-02 15:36:14] INFO: ErrorHandler initialized successfully 
---
[2025-06-02 15:36:27] INFO: ErrorHandler initialized successfully 
---
[2025-06-02 15:36:29] INFO: ErrorHandler initialized successfully 
---
[2025-06-02 15:36:50] INFO: ErrorHandler initialized successfully 
---
[2025-06-02 15:36:50] INFO: ErrorHandler initialized successfully 
---
[2025-06-02 15:36:52] INFO: ErrorHandler initialized successfully 
---
[2025-06-02 15:36:52] INFO: ErrorHandler initialized successfully 
---
[2025-06-02 15:36:53] INFO: ErrorHandler initialized successfully 
---
[2025-06-02 15:36:53] INFO: ErrorHandler initialized successfully 
---
[2025-06-02 15:36:54] INFO: ErrorHandler initialized successfully 
---
[2025-06-02 15:36:54] INFO: ErrorHandler initialized successfully 
---
[2025-06-02 15:36:56] INFO: ErrorHandler initialized successfully 
---
[2025-06-02 15:36:56] INFO: ErrorHandler initialized successfully 
---
[2025-06-02 15:36:57] INFO: ErrorHandler initialized successfully 
---
[2025-06-02 15:36:57] INFO: ErrorHandler initialized successfully 
---
[2025-06-02 15:36:58] INFO: ErrorHandler initialized successfully 
---
[2025-06-02 15:37:01] INFO: ErrorHandler initialized successfully 
---
[2025-06-02 15:37:05] INFO: ErrorHandler initialized successfully 
---
[2025-06-02 15:37:05] INFO: ErrorHandler initialized successfully 
---
[2025-06-02 15:37:09] INFO: ErrorHandler initialized successfully 
---
[2025-06-02 15:37:11] INFO: ErrorHandler initialized successfully 
---
[2025-06-02 15:47:34] INFO: ErrorHandler initialized successfully 
---
[2025-06-02 15:50:05] INFO: ErrorHandler initialized successfully 
---
[2025-06-02 16:01:54] INFO: ErrorHandler initialized successfully 
---
[2025-06-02 16:01:57] INFO: ErrorHandler initialized successfully 
---
[2025-06-02 16:02:08] INFO: ErrorHandler initialized successfully 
---
[2025-06-02 16:02:11] INFO: ErrorHandler initialized successfully 
---
[2025-06-02 16:02:13] INFO: ErrorHandler initialized successfully 
---
[2025-06-02 16:02:18] INFO: ErrorHandler initialized successfully 
---
[2025-06-02 16:32:19] INFO: ErrorHandler initialized successfully 
---
[2025-06-02 16:32:54] INFO: ErrorHandler initialized successfully 
---
[2025-06-02 16:38:56] INFO: ErrorHandler initialized successfully 
---
[2025-06-02 16:41:21] INFO: ErrorHandler initialized successfully 
---
[2025-06-02 16:42:55] INFO: ErrorHandler initialized successfully 
---
[2025-06-02 16:45:19] INFO: ErrorHandler initialized successfully 
---
[2025-06-02 21:30:12] INFO: ErrorHandler initialized successfully 
---
[2025-06-02 21:32:13] INFO: ErrorHandler initialized successfully 
---
[2025-06-02 21:34:45] INFO: ErrorHandler initialized successfully 
---
[2025-06-02 21:36:35] INFO: ErrorHandler initialized successfully 
---
[2025-06-02 21:36:36] INFO: ErrorHandler initialized successfully 
---
[2025-06-02 21:41:03] INFO: ErrorHandler initialized successfully 
---
[2025-06-02 21:42:47] INFO: ErrorHandler initialized successfully 
---
[2025-06-02 21:42:52] INFO: ErrorHandler initialized successfully 
---
[2025-06-02 21:42:53] INFO: ErrorHandler initialized successfully 
---
[2025-06-02 21:44:28] INFO: ErrorHandler initialized successfully 
---
[2025-06-02 21:44:30] INFO: ErrorHandler initialized successfully 
---
[2025-06-03 12:21:30] INFO: ErrorHandler initialized successfully 
---
[2025-06-03 12:21:33] INFO: ErrorHandler initialized successfully 
---
[2025-06-03 12:21:38] INFO: ErrorHandler initialized successfully 
---
[2025-06-03 12:26:38] INFO: ErrorHandler initialized successfully 
---
[2025-06-03 12:26:40] INFO: ErrorHandler initialized successfully 
---
[2025-06-03 12:31:48] INFO: ErrorHandler initialized successfully 
---
[2025-06-03 12:47:24] INFO: ErrorHandler initialized successfully 
---
[2025-06-03 12:47:24] ERROR: FATAL ERROR: Access level to PremiumController::getCommonStyles() must be protected (as in class BaseController) or weaker in C:\xampp\htdocs\loove\app\controllers\PremiumController.php:432
URL: /loove/public/index.php?url=upgrade
IP: ::1
---
[2025-06-03 12:47:28] INFO: ErrorHandler initialized successfully 
---
[2025-06-03 12:47:30] INFO: ErrorHandler initialized successfully 
---
[2025-06-03 12:47:30] ERROR: FATAL ERROR: Access level to PremiumController::getCommonStyles() must be protected (as in class BaseController) or weaker in C:\xampp\htdocs\loove\app\controllers\PremiumController.php:432
URL: /loove/public/index.php?url=upgrade
IP: ::1
---
[2025-06-03 12:50:22] INFO: ErrorHandler initialized successfully 
---
[2025-06-03 12:57:52] INFO: ErrorHandler initialized successfully 
---
[2025-06-03 12:58:05] INFO: ErrorHandler initialized successfully 
---
[2025-06-03 13:01:05] INFO: ErrorHandler initialized successfully 
---
[2025-06-03 13:01:06] INFO: ErrorHandler initialized successfully 
---
[2025-06-03 13:01:10] INFO: ErrorHandler initialized successfully 
---
[2025-06-03 13:01:13] INFO: ErrorHandler initialized successfully 
---
[2025-06-03 13:06:47] INFO: ErrorHandler initialized successfully 
---
[2025-06-03 13:06:51] INFO: ErrorHandler initialized successfully 
---
[2025-06-03 13:11:04] INFO: ErrorHandler initialized successfully 
---
[2025-06-03 13:18:03] INFO: ErrorHandler initialized successfully 
---
[2025-06-03 13:18:18] INFO: ErrorHandler initialized successfully 
---
[2025-06-03 13:18:25] INFO: ErrorHandler initialized successfully 
---
[2025-06-03 13:18:28] INFO: ErrorHandler initialized successfully 
---
[2025-06-03 13:18:28] INFO: ErrorHandler initialized successfully 
---
[2025-06-03 13:18:29] INFO: ErrorHandler initialized successfully 
---
[2025-06-03 13:18:29] INFO: ErrorHandler initialized successfully 
---
[2025-06-03 13:18:32] INFO: ErrorHandler initialized successfully 
---
[2025-06-03 13:18:33] INFO: ErrorHandler initialized successfully 
---
[2025-06-03 13:18:33] INFO: ErrorHandler initialized successfully 
---
[2025-06-03 13:18:37] INFO: ErrorHandler initialized successfully 
---
[2025-06-03 13:23:09] INFO: ErrorHandler initialized successfully 
---
[2025-06-03 13:23:09] INFO: ErrorHandler initialized successfully 
---
[2025-06-04 16:24:30] INFO: ErrorHandler initialized successfully 
---
[2025-06-05 14:45:58] INFO: ErrorHandler initialized successfully 
---
[2025-06-05 14:46:02] ERROR: Database Connection Failed: SQLSTATE[HY000] [2002] Aucune connexion n’a pu être établie car l’ordinateur cible l’a expressément refusée in C:\xampp\htdocs\loove\core\Database.php:54
URL: /loove/public/index.php?url=discover
IP: ::1
---
[2025-06-05 14:46:19] INFO: ErrorHandler initialized successfully 
---
[2025-06-05 14:46:22] INFO: ErrorHandler initialized successfully 
---
[2025-06-05 14:46:23] INFO: ErrorHandler initialized successfully 
---
[2025-06-05 14:46:25] INFO: ErrorHandler initialized successfully 
---
[2025-06-05 14:46:38] INFO: ErrorHandler initialized successfully 
---
[2025-06-05 14:50:09] INFO: ErrorHandler initialized successfully 
---
[2025-06-05 21:58:29] INFO: ErrorHandler initialized successfully 
---
[2025-06-05 21:58:41] INFO: ErrorHandler initialized successfully 
---
[2025-06-05 21:58:42] INFO: ErrorHandler initialized successfully 
---
[2025-06-05 21:58:44] INFO: ErrorHandler initialized successfully 
---
[2025-06-05 21:58:44] INFO: ErrorHandler initialized successfully 
---
[2025-06-05 21:58:46] INFO: ErrorHandler initialized successfully 
---
[2025-06-05 21:58:47] INFO: ErrorHandler initialized successfully 
---
[2025-06-05 21:58:48] INFO: ErrorHandler initialized successfully 
---
[2025-06-05 21:58:52] INFO: ErrorHandler initialized successfully 
---
[2025-06-05 22:17:25] INFO: ErrorHandler initialized successfully 
---
[2025-06-05 22:46:27] INFO: ErrorHandler initialized successfully 
---
[2025-06-05 22:46:28] INFO: ErrorHandler initialized successfully 
---
[2025-06-05 23:16:27] INFO: ErrorHandler initialized successfully 
---
[2025-06-05 23:22:24] INFO: ErrorHandler initialized successfully 
---
[2025-06-05 23:26:45] INFO: ErrorHandler initialized successfully 
---
[2025-06-05 23:44:14] INFO: ErrorHandler initialized successfully 
---
[2025-06-05 23:44:16] INFO: ErrorHandler initialized successfully 
---
[2025-06-05 23:44:19] INFO: ErrorHandler initialized successfully 
---
[2025-06-05 23:48:56] INFO: ErrorHandler initialized successfully 
---
[2025-06-05 23:48:57] INFO: ErrorHandler initialized successfully 
---
[2025-06-05 23:48:58] INFO: ErrorHandler initialized successfully 
---
[2025-06-05 23:53:50] INFO: ErrorHandler initialized successfully 
---
[2025-06-05 23:53:57] INFO: ErrorHandler initialized successfully 
---
[2025-06-05 23:53:59] INFO: ErrorHandler initialized successfully 
---
[2025-06-05 23:54:05] INFO: ErrorHandler initialized successfully 
---
[2025-06-05 23:54:06] INFO: ErrorHandler initialized successfully 
---
[2025-06-05 23:54:07] INFO: ErrorHandler initialized successfully 
---
[2025-06-05 23:54:09] INFO: ErrorHandler initialized successfully 
---
[2025-06-05 23:54:10] INFO: ErrorHandler initialized successfully 
---
[2025-06-05 23:54:11] INFO: ErrorHandler initialized successfully 
---
[2025-06-05 23:54:11] INFO: ErrorHandler initialized successfully 
---
[2025-06-05 23:54:12] INFO: ErrorHandler initialized successfully 
---
[2025-06-05 23:54:15] INFO: ErrorHandler initialized successfully 
---
[2025-06-05 23:58:27] INFO: ErrorHandler initialized successfully 
---
[2025-06-05 23:58:30] INFO: ErrorHandler initialized successfully 
---
[2025-06-05 23:58:31] INFO: ErrorHandler initialized successfully 
---
[2025-06-05 23:58:32] INFO: ErrorHandler initialized successfully 
---
[2025-06-05 23:58:32] INFO: ErrorHandler initialized successfully 
---
[2025-06-05 23:58:33] INFO: ErrorHandler initialized successfully 
---
[2025-06-05 23:58:33] INFO: ErrorHandler initialized successfully 
---
[2025-06-05 23:58:34] INFO: ErrorHandler initialized successfully 
---
[2025-06-05 23:58:35] INFO: ErrorHandler initialized successfully 
---
[2025-06-05 23:58:35] INFO: ErrorHandler initialized successfully 
---
[2025-06-05 23:58:37] INFO: ErrorHandler initialized successfully 
---
[2025-06-05 23:58:37] INFO: ErrorHandler initialized successfully 
---
[2025-06-05 23:58:38] INFO: ErrorHandler initialized successfully 
---
[2025-06-05 23:58:38] INFO: ErrorHandler initialized successfully 
---
[2025-06-05 23:58:39] INFO: ErrorHandler initialized successfully 
---
[2025-06-05 23:58:39] INFO: ErrorHandler initialized successfully 
---
[2025-06-05 23:58:41] INFO: ErrorHandler initialized successfully 
---
[2025-06-05 23:58:41] INFO: ErrorHandler initialized successfully 
---
[2025-06-06 00:02:49] INFO: ErrorHandler initialized successfully 
---
[2025-06-06 00:02:52] INFO: ErrorHandler initialized successfully 
---
[2025-06-06 00:02:53] INFO: ErrorHandler initialized successfully 
---
[2025-06-06 00:02:54] INFO: ErrorHandler initialized successfully 
---
[2025-06-06 00:02:55] INFO: ErrorHandler initialized successfully 
---
[2025-06-06 00:02:56] INFO: ErrorHandler initialized successfully 
---
[2025-06-06 00:02:57] INFO: ErrorHandler initialized successfully 
---
[2025-06-06 00:02:58] INFO: ErrorHandler initialized successfully 
---
[2025-06-06 00:02:59] INFO: ErrorHandler initialized successfully 
---
[2025-06-06 00:03:00] INFO: ErrorHandler initialized successfully 
---
[2025-06-06 00:03:01] INFO: ErrorHandler initialized successfully 
---
[2025-06-06 00:03:02] INFO: ErrorHandler initialized successfully 
---
[2025-06-06 00:03:04] INFO: ErrorHandler initialized successfully 
---
[2025-06-06 00:03:06] INFO: ErrorHandler initialized successfully 
---
[2025-06-06 00:08:19] INFO: ErrorHandler initialized successfully 
---
[2025-06-06 00:08:23] INFO: ErrorHandler initialized successfully 
---
[2025-06-06 00:08:23] INFO: ErrorHandler initialized successfully 
---
[2025-06-06 00:08:24] INFO: ErrorHandler initialized successfully 
---
[2025-06-06 00:08:26] INFO: ErrorHandler initialized successfully 
---
[2025-06-06 00:08:27] INFO: ErrorHandler initialized successfully 
---
[2025-06-06 00:08:28] INFO: ErrorHandler initialized successfully 
---
[2025-06-06 00:08:29] INFO: ErrorHandler initialized successfully 
---
[2025-06-06 00:08:30] INFO: ErrorHandler initialized successfully 
---
[2025-06-06 00:08:31] INFO: ErrorHandler initialized successfully 
---
[2025-06-06 00:08:32] INFO: ErrorHandler initialized successfully 
---
[2025-06-06 00:08:33] INFO: ErrorHandler initialized successfully 
---
[2025-06-06 00:12:39] INFO: ErrorHandler initialized successfully 
---
[2025-06-06 00:16:28] INFO: ErrorHandler initialized successfully 
---
[2025-06-06 00:16:29] INFO: ErrorHandler initialized successfully 
---
[2025-06-06 00:16:31] INFO: ErrorHandler initialized successfully 
---
[2025-06-06 00:16:31] INFO: ErrorHandler initialized successfully 
---
[2025-06-06 00:19:29] INFO: ErrorHandler initialized successfully 
---
[2025-06-06 00:23:55] INFO: ErrorHandler initialized successfully 
---
[2025-06-06 00:23:58] INFO: ErrorHandler initialized successfully 
---
[2025-06-06 00:24:03] INFO: ErrorHandler initialized successfully 
---
[2025-06-06 00:24:11] INFO: ErrorHandler initialized successfully 
---
[2025-06-06 00:28:36] INFO: ErrorHandler initialized successfully 
---
[2025-06-06 00:28:38] INFO: ErrorHandler initialized successfully 
---
[2025-06-06 00:28:42] INFO: ErrorHandler initialized successfully 
---
[2025-06-06 00:32:22] INFO: ErrorHandler initialized successfully 
---
[2025-06-06 00:32:24] INFO: ErrorHandler initialized successfully 
---
[2025-06-06 00:32:27] INFO: ErrorHandler initialized successfully 
---
[2025-06-06 00:32:27] INFO: ErrorHandler initialized successfully 
---
[2025-06-06 00:32:29] INFO: ErrorHandler initialized successfully 
---
[2025-06-06 00:32:29] INFO: ErrorHandler initialized successfully 
---
[2025-06-06 00:32:31] INFO: ErrorHandler initialized successfully 
---
[2025-06-06 00:32:31] INFO: ErrorHandler initialized successfully 
---
[2025-06-06 00:32:32] INFO: ErrorHandler initialized successfully 
---
[2025-06-06 00:32:32] INFO: ErrorHandler initialized successfully 
---
[2025-06-06 00:32:33] INFO: ErrorHandler initialized successfully 
---
[2025-06-06 00:32:33] INFO: ErrorHandler initialized successfully 
---
[2025-06-06 00:32:34] INFO: ErrorHandler initialized successfully 
---
[2025-06-06 00:32:37] INFO: ErrorHandler initialized successfully 
---
[2025-06-06 09:12:55] INFO: ErrorHandler initialized successfully 
---
[2025-06-06 09:12:59] INFO: ErrorHandler initialized successfully 
---
[2025-06-06 09:12:59] INFO: ErrorHandler initialized successfully 
---
[2025-06-06 09:13:01] INFO: ErrorHandler initialized successfully 
---
[2025-06-06 09:13:01] INFO: ErrorHandler initialized successfully 
---
[2025-06-06 09:13:03] INFO: ErrorHandler initialized successfully 
---
[2025-06-06 09:13:03] INFO: ErrorHandler initialized successfully 
---
[2025-06-06 09:13:05] INFO: ErrorHandler initialized successfully 
---
[2025-06-06 09:13:05] INFO: ErrorHandler initialized successfully 
---
[2025-06-06 09:13:07] INFO: ErrorHandler initialized successfully 
---
[2025-06-06 09:13:07] INFO: ErrorHandler initialized successfully 
---
[2025-06-06 09:13:09] INFO: ErrorHandler initialized successfully 
---
[2025-06-06 09:13:09] INFO: ErrorHandler initialized successfully 
---
[2025-06-06 09:13:11] INFO: ErrorHandler initialized successfully 
---
[2025-06-06 09:13:11] INFO: ErrorHandler initialized successfully 
---
[2025-06-06 09:13:13] INFO: ErrorHandler initialized successfully 
---
[2025-06-06 09:13:13] INFO: ErrorHandler initialized successfully 
---
[2025-06-06 09:13:15] INFO: ErrorHandler initialized successfully 
---
[2025-06-06 09:13:18] INFO: ErrorHandler initialized successfully 
---
[2025-06-06 09:13:21] INFO: ErrorHandler initialized successfully 
---
[2025-06-06 09:13:23] INFO: ErrorHandler initialized successfully 
---
[2025-06-06 09:13:26] INFO: ErrorHandler initialized successfully 
---
[2025-06-06 09:17:22] INFO: ErrorHandler initialized successfully 
---
[2025-06-06 09:17:25] INFO: ErrorHandler initialized successfully 
---
[2025-06-06 09:49:54] INFO: ErrorHandler initialized successfully 
---
[2025-06-06 09:49:55] INFO: ErrorHandler initialized successfully 
---
[2025-06-06 09:49:57] INFO: ErrorHandler initialized successfully 
---
[2025-06-06 09:50:33] INFO: ErrorHandler initialized successfully 
---
[2025-06-06 09:51:16] INFO: ErrorHandler initialized successfully 
---
[2025-06-06 09:51:21] INFO: ErrorHandler initialized successfully 
---
[2025-06-06 09:51:21] INFO: ErrorHandler initialized successfully 
---
[2025-06-06 09:54:40] INFO: ErrorHandler initialized successfully 
---
[2025-06-06 09:54:55] INFO: ErrorHandler initialized successfully 
---
[2025-06-06 09:55:00] INFO: ErrorHandler initialized successfully 
---
[2025-06-06 09:55:06] INFO: ErrorHandler initialized successfully 
---
[2025-06-06 09:55:12] INFO: ErrorHandler initialized successfully 
---
[2025-06-06 09:55:18] INFO: ErrorHandler initialized successfully 
---
[2025-06-06 09:55:39] INFO: ErrorHandler initialized successfully 
---
[2025-06-06 10:03:28] INFO: ErrorHandler initialized successfully 
---
[2025-06-06 10:03:38] INFO: ErrorHandler initialized successfully 
---
[2025-06-06 10:03:39] INFO: ErrorHandler initialized successfully 
---
[2025-06-06 10:05:24] INFO: ErrorHandler initialized successfully 
---
[2025-06-06 10:08:11] INFO: ErrorHandler initialized successfully 
---
[2025-06-06 10:09:50] INFO: ErrorHandler initialized successfully 
---
[2025-06-06 10:13:29] INFO: ErrorHandler initialized successfully 
---
[2025-06-06 10:16:25] INFO: ErrorHandler initialized successfully 
---
[2025-06-06 10:16:32] INFO: ErrorHandler initialized successfully 
---
[2025-06-06 10:16:38] INFO: ErrorHandler initialized successfully 
---
[2025-06-06 10:16:45] INFO: ErrorHandler initialized successfully 
---
[2025-06-06 10:16:51] INFO: ErrorHandler initialized successfully 
---
[2025-06-06 10:19:41] INFO: ErrorHandler initialized successfully 
---
[2025-06-06 10:19:55] INFO: ErrorHandler initialized successfully 
---
[2025-06-06 10:20:53] INFO: ErrorHandler initialized successfully 
---
[2025-06-06 10:20:56] INFO: ErrorHandler initialized successfully 
---
[2025-06-06 10:21:08] INFO: ErrorHandler initialized successfully 
---
[2025-06-06 10:21:09] INFO: ErrorHandler initialized successfully 
---
[2025-06-06 10:21:30] INFO: ErrorHandler initialized successfully 
---
[2025-06-06 10:21:31] INFO: ErrorHandler initialized successfully 
---
[2025-06-06 10:21:40] INFO: ErrorHandler initialized successfully 
---
[2025-06-06 10:21:42] INFO: ErrorHandler initialized successfully 
---
[2025-06-06 10:21:57] INFO: ErrorHandler initialized successfully 
---
[2025-06-06 10:21:59] INFO: ErrorHandler initialized successfully 
---
[2025-06-06 10:23:57] INFO: ErrorHandler initialized successfully 
---
[2025-06-06 10:23:58] INFO: ErrorHandler initialized successfully 
---
[2025-06-06 10:26:25] INFO: ErrorHandler initialized successfully 
---
[2025-06-06 10:26:27] INFO: ErrorHandler initialized successfully 
---
[2025-06-06 10:26:32] INFO: ErrorHandler initialized successfully 
---
[2025-06-06 10:27:56] INFO: ErrorHandler initialized successfully 
---
[2025-06-06 10:28:04] INFO: ErrorHandler initialized successfully 
---
[2025-06-06 10:28:38] INFO: ErrorHandler initialized successfully 
---
[2025-06-06 10:28:40] INFO: ErrorHandler initialized successfully 
---
[2025-06-06 10:28:47] INFO: ErrorHandler initialized successfully 
---
[2025-06-06 10:29:45] INFO: ErrorHandler initialized successfully 
---
[2025-06-06 10:29:46] INFO: ErrorHandler initialized successfully 
---
[2025-06-06 10:29:46] INFO: ErrorHandler initialized successfully 
---
[2025-06-06 10:29:48] INFO: ErrorHandler initialized successfully 
---
[2025-06-06 10:29:55] INFO: ErrorHandler initialized successfully 
---
[2025-06-06 10:29:56] INFO: ErrorHandler initialized successfully 
---
[2025-06-06 10:30:04] INFO: ErrorHandler initialized successfully 
---
[2025-06-06 10:31:51] INFO: ErrorHandler initialized successfully 
---
[2025-06-06 10:31:52] INFO: ErrorHandler initialized successfully 
---
[2025-06-06 10:31:57] INFO: ErrorHandler initialized successfully 
---
[2025-06-06 10:33:02] INFO: ErrorHandler initialized successfully 
---
[2025-06-06 10:33:03] INFO: ErrorHandler initialized successfully 
---
[2025-06-06 10:33:11] INFO: ErrorHandler initialized successfully 
---
[2025-06-06 10:34:00] INFO: ErrorHandler initialized successfully 
---
[2025-06-06 10:34:02] INFO: ErrorHandler initialized successfully 
---
[2025-06-06 10:34:10] INFO: ErrorHandler initialized successfully 
---
[2025-06-06 10:38:07] INFO: ErrorHandler initialized successfully 
---
[2025-06-06 10:38:08] INFO: ErrorHandler initialized successfully 
---
[2025-06-06 10:38:10] INFO: ErrorHandler initialized successfully 
---
[2025-06-06 10:38:10] INFO: ErrorHandler initialized successfully 
---
[2025-06-06 10:38:10] INFO: ErrorHandler initialized successfully 
---
[2025-06-06 10:38:11] INFO: ErrorHandler initialized successfully 
---
[2025-06-06 10:38:21] INFO: ErrorHandler initialized successfully 
---
[2025-06-06 10:40:05] INFO: ErrorHandler initialized successfully 
---
[2025-06-06 10:40:11] INFO: ErrorHandler initialized successfully 
---
[2025-06-06 10:40:21] INFO: ErrorHandler initialized successfully 
---
[2025-06-06 10:42:06] INFO: ErrorHandler initialized successfully 
---
[2025-06-06 10:42:07] INFO: ErrorHandler initialized successfully 
---
[2025-06-06 10:43:11] INFO: ErrorHandler initialized successfully 
---
[2025-06-06 10:43:31] INFO: ErrorHandler initialized successfully 
---
[2025-06-06 10:53:34] INFO: ErrorHandler initialized successfully 
---
[2025-06-06 10:53:35] INFO: ErrorHandler initialized successfully 
---
[2025-06-06 10:53:35] INFO: ErrorHandler initialized successfully 
---
[2025-06-06 10:53:47] INFO: ErrorHandler initialized successfully 
---
[2025-06-06 10:54:13] INFO: ErrorHandler initialized successfully 
---
[2025-06-06 10:54:17] INFO: ErrorHandler initialized successfully 
---
[2025-06-06 10:56:49] INFO: ErrorHandler initialized successfully 
---
[2025-06-06 10:56:50] INFO: ErrorHandler initialized successfully 
---
[2025-06-06 11:56:12] INFO: ErrorHandler initialized successfully 
---
[2025-06-06 11:56:14] INFO: ErrorHandler initialized successfully 
---
[2025-06-06 11:56:17] INFO: ErrorHandler initialized successfully 
---
[2025-06-06 11:56:19] INFO: ErrorHandler initialized successfully 
---
[2025-06-06 11:58:11] INFO: ErrorHandler initialized successfully 
---
[2025-06-06 12:01:07] INFO: ErrorHandler initialized successfully 
---
[2025-06-06 12:01:13] INFO: ErrorHandler initialized successfully 
---
[2025-06-06 12:01:15] INFO: ErrorHandler initialized successfully 
---
[2025-06-06 12:02:21] INFO: ErrorHandler initialized successfully 
---
[2025-06-06 12:02:23] INFO: ErrorHandler initialized successfully 
---
[2025-06-06 12:03:55] INFO: ErrorHandler initialized successfully 
---
[2025-06-06 12:03:57] INFO: ErrorHandler initialized successfully 
---
[2025-06-06 12:10:08] INFO: ErrorHandler initialized successfully 
---
[2025-06-06 12:11:11] INFO: ErrorHandler initialized successfully 
---
[2025-06-06 12:12:04] INFO: ErrorHandler initialized successfully 
---
[2025-06-06 12:12:05] INFO: ErrorHandler initialized successfully 
---
[2025-06-06 12:12:52] INFO: ErrorHandler initialized successfully 
---
[2025-06-06 12:18:37] INFO: ErrorHandler initialized successfully 
---
[2025-06-06 12:18:39] INFO: ErrorHandler initialized successfully 
---
[2025-06-06 12:18:47] INFO: ErrorHandler initialized successfully 
---
[2025-06-06 12:20:41] INFO: ErrorHandler initialized successfully 
---
[2025-06-06 12:20:43] INFO: ErrorHandler initialized successfully 
---
[2025-06-06 12:20:52] INFO: ErrorHandler initialized successfully 
---
[2025-06-06 12:20:53] INFO: ErrorHandler initialized successfully 
---
[2025-06-06 12:20:54] INFO: ErrorHandler initialized successfully 
---
[2025-06-06 12:21:43] INFO: ErrorHandler initialized successfully 
---
[2025-06-06 12:21:44] INFO: ErrorHandler initialized successfully 
---
[2025-06-06 12:24:58] INFO: ErrorHandler initialized successfully 
---
[2025-06-06 12:24:59] INFO: ErrorHandler initialized successfully 
---
[2025-06-06 12:24:59] INFO: ErrorHandler initialized successfully 
---
[2025-06-06 12:24:59] INFO: ErrorHandler initialized successfully 
---
[2025-06-06 12:25:00] INFO: ErrorHandler initialized successfully 
---
[2025-06-06 12:25:00] INFO: ErrorHandler initialized successfully 
---
[2025-06-06 12:25:01] INFO: ErrorHandler initialized successfully 
---
[2025-06-06 12:25:01] INFO: ErrorHandler initialized successfully 
---
[2025-06-06 12:28:27] INFO: ErrorHandler initialized successfully 
---
[2025-06-06 12:28:28] INFO: ErrorHandler initialized successfully 
---
[2025-06-06 12:29:17] INFO: ErrorHandler initialized successfully 
---
[2025-06-06 12:29:18] INFO: ErrorHandler initialized successfully 
---
[2025-06-06 12:29:20] INFO: ErrorHandler initialized successfully 
---
[2025-06-06 12:29:21] INFO: ErrorHandler initialized successfully 
---
[2025-06-06 12:29:28] INFO: ErrorHandler initialized successfully 
---
[2025-06-06 12:29:33] INFO: ErrorHandler initialized successfully 
---
[2025-06-06 12:30:52] INFO: ErrorHandler initialized successfully 
---
[2025-06-06 12:30:53] INFO: ErrorHandler initialized successfully 
---
[2025-06-06 13:25:47] INFO: ErrorHandler initialized successfully 
---
[2025-06-06 13:25:51] INFO: ErrorHandler initialized successfully 
---
[2025-06-06 13:25:52] INFO: ErrorHandler initialized successfully 
---
[2025-06-06 13:25:56] INFO: ErrorHandler initialized successfully 
---
[2025-06-06 13:27:40] INFO: ErrorHandler initialized successfully 
---
[2025-06-06 13:27:42] INFO: ErrorHandler initialized successfully 
---
[2025-06-06 13:27:43] INFO: ErrorHandler initialized successfully 
---
[2025-06-06 13:27:44] INFO: ErrorHandler initialized successfully 
---
[2025-06-06 13:27:45] INFO: ErrorHandler initialized successfully 
---
[2025-06-06 13:29:15] INFO: ErrorHandler initialized successfully 
---
[2025-06-06 13:29:16] INFO: ErrorHandler initialized successfully 
---
[2025-06-06 13:29:35] INFO: ErrorHandler initialized successfully 
---
[2025-06-06 13:29:46] INFO: ErrorHandler initialized successfully 
---
[2025-06-06 13:29:47] INFO: ErrorHandler initialized successfully 
---
[2025-06-06 13:29:48] INFO: ErrorHandler initialized successfully 
---
[2025-06-06 13:33:15] INFO: ErrorHandler initialized successfully 
---
[2025-06-06 13:33:17] INFO: ErrorHandler initialized successfully 
---
[2025-06-06 13:33:19] INFO: ErrorHandler initialized successfully 
---
[2025-06-06 13:33:20] INFO: ErrorHandler initialized successfully 
---
[2025-06-06 14:06:50] INFO: ErrorHandler initialized successfully 
---
[2025-06-06 14:30:34] INFO: ErrorHandler initialized successfully 
---
[2025-06-10 14:44:24] INFO: ErrorHandler initialized successfully 
---
[2025-06-10 14:44:28] INFO: ErrorHandler initialized successfully 
---
[2025-06-10 14:44:29] INFO: ErrorHandler initialized successfully 
---
[2025-06-10 14:44:31] INFO: ErrorHandler initialized successfully 
---
[2025-06-10 14:44:38] INFO: ErrorHandler initialized successfully 
---
[2025-06-10 14:44:40] INFO: ErrorHandler initialized successfully 
---
[2025-06-10 14:44:41] INFO: ErrorHandler initialized successfully 
---
[2025-06-10 14:44:44] INFO: ErrorHandler initialized successfully 
---
[2025-06-10 14:44:47] INFO: ErrorHandler initialized successfully 
---
[2025-06-10 14:44:53] INFO: ErrorHandler initialized successfully 
---
[2025-06-10 15:11:33] INFO: ErrorHandler initialized successfully 
---
[2025-06-10 15:11:37] INFO: ErrorHandler initialized successfully 
---
[2025-06-10 16:00:05] INFO: ErrorHandler initialized successfully 
---
